Arguments: 
  /Users/gavin/.nvm/versions/node/v13.14.0/bin/node /usr/local/Cellar/yarn/1.22.4/libexec/bin/yarn.js add -D @commitlint/config-conventional @commitlint/cli

PATH: 
  /Users/gavin/.nvm/versions/node/v13.14.0/bin:/Users/gavin/.autojump/bin:/usr/local/bin:/usr/bin:/bin:/usr/sbin:/sbin:/usr/local/go/bin:/Library/Apple/usr/bin:/Users/gavin/.nvm/versions/node/v13.14.0/bin:/Users/gavin/.autojump/bin:/Users/gavin/Development/flutter/bin:/Users/gavin/Development/flutter/bin:/usr/local/go/bin:/bin

Yarn version: 
  1.22.4

Node version: 
  13.14.0

Platform: 
  darwin x64

Trace: 
  Error: ENOENT: no such file or directory, scandir '/Users/gavin/Desktop/work/euv/node_modules/@babel'

npm manifest: 
  {
    "name": "euv",
    "version": "1.0.0",
    "main": "index.js",
    "repository": "git@github.com:Awesome-Creators/euv.git",
    "author": "yuxino <nbsawz@gmail.com>",
    "license": "MIT",
    "scripts": {},
    "dependencies": {},
    "devDependencies": {}
  }

yarn manifest: 
  No manifest

Lockfile: 
  No lockfile
